<?xml version="1.0" encoding="UTF-8"?>
<!-- Generated by org.testng.reporters.JUnitReportReporter -->
<testsuite skipped="0" hostname="LT0105527" name="MainTest.NewTest" tests="3" failures="0" timestamp="2019-09-10T19:54:43 IST" time="2.414" errors="0">
  <testcase name="titlecompare" time="0.021" classname="MainTest.NewTest"/>
  <testcase name="username" time="0.251" classname="MainTest.NewTest"/>
  <testcase name="login" time="2.142" classname="MainTest.NewTest"/>
</testsuite> <!-- MainTest.NewTest -->
